\BOOKMARK [1][-]{section.1}{\376\377\000L\000e\000c\000t\000u\000r\000e\000\040\0001\000\040\040\024\000\040\000I\000n\000t\000r\000o\000d\000u\000c\000t\000i\000o\000n\000\040\000t\000o\000\040\000H\000i\000l\000b\000e\000r\000t\000\040\000S\000p\000a\000c\000e\000s\000\040\000a\000n\000d\000\040\000s\000o\000m\000e\000\040\000e\000x\000a\000m\000p\000l\000e\000s\000\040\040\024\000\040\0009\000t\000h\000\040\000J\000a\000n\000u\000a\000r\000y\000,\000\040\0002\0000\0002\0003}{}% 1
\BOOKMARK [2][-]{subsection.1.1}{\376\377\000I\000n\000n\000e\000r\000\040\000P\000r\000o\000d\000u\000c\000t\000\040\000S\000p\000a\000c\000e\000s}{section.1}% 2
\BOOKMARK [2][-]{subsection.1.2}{\376\377\000H\000i\000l\000b\000e\000r\000t\000\040\000S\000p\000a\000c\000e\000s}{section.1}% 3
\BOOKMARK [1][-]{section.2}{\376\377\000L\000e\000c\000t\000u\000r\000e\000\040\0002\000\040\040\024\000\040\000H\000i\000l\000b\000e\000r\000t\000\040\000S\000p\000a\000c\000e\000s\000!\000\040\040\024\000\040\0001\0001\000t\000h\000\040\000J\000a\000n\000u\000a\000r\000y\000,\000\040\0002\0000\0002\0003}{}% 4
\BOOKMARK [2][-]{subsection.2.1}{\376\377\000C\000l\000o\000s\000e\000d\000\040\000a\000n\000d\000\040\000C\000o\000n\000v\000e\000x\000!}{section.2}% 5
\BOOKMARK [2][-]{subsection.2.2}{\376\377\000P\000r\000o\000j\000e\000c\000t\000i\000o\000n\000s}{section.2}% 6
\BOOKMARK [1][-]{section.3}{\376\377\000L\000e\000c\000t\000u\000r\000e\000\040\0003\000\040\040\024\000\040\000R\000i\000e\000s\000z\000\040\000R\000e\000p\000r\000e\000s\000e\000n\000t\000a\000t\000i\000o\000n\000\040\000T\000h\000e\000o\000r\000e\000m\000\040\000f\000o\000r\000\040\000H\000i\000l\000b\000e\000r\000t\000\040\000S\000p\000a\000c\000e\000s\000\040\040\024\000\040\0001\0003\000t\000h\000\040\000J\000a\000n\000u\000a\000r\000y\000,\000\040\0002\0000\0002\0003}{}% 7
\BOOKMARK [2][-]{subsection.3.1}{\376\377\000L\000e\000c\000t\000u\000r\000e\000\040\0002\000\040\000c\000o\000n\000t\000i\000n\000u\000e\000d\000\040\040\046}{section.3}% 8
\BOOKMARK [2][-]{subsection.3.2}{\376\377\000E\000x\000i\000s\000t\000e\000n\000c\000e\000\040\000o\000f\000\040\000c\000l\000o\000s\000e\000d\000\040\000s\000u\000b\000s\000p\000a\000c\000e\000s\000\040\000o\000f\000\040\000H\000i\000l\000b\000e\000r\000t\000\040\000S\000p\000a\000c\000e\000s}{section.3}% 9
\BOOKMARK [2][-]{subsection.3.3}{\376\377\000S\000t\000a\000t\000e\000m\000e\000n\000t\000\040\000a\000n\000d\000\040\000P\000r\000o\000o\000f\000\040\000o\000f\000\040\000R\000i\000e\000s\000z\000\040\000R\000e\000p\000r\000e\000s\000e\000n\000t\000a\000t\000i\000o\000n\000\040\000T\000h\000e\000o\000r\000e\000m}{section.3}% 10
\BOOKMARK [1][-]{section.4}{\376\377\000L\000e\000c\000t\000u\000r\000e\000\040\0004\000\040\040\024\000\040\000P\000r\000o\000j\000e\000c\000t\000i\000o\000n\000\040\000f\000o\000r\000\040\000s\000u\000b\000s\000p\000a\000c\000e\000s\000\040\000h\000a\000v\000i\000n\000g\000\040\000c\000o\000u\000n\000t\000a\000b\000l\000e\000\040\000o\000r\000t\000h\000o\000n\000o\000r\000m\000a\000l\000\040\000b\000a\000s\000i\000s\000\040\040\024\000\040\0001\0007\000t\000h\000\040\000J\000a\000n\000u\000a\000r\000y\000,\000\040\0002\0000\0002\0002}{}% 11
\BOOKMARK [2][-]{subsection.4.1}{\376\377\000P\000r\000o\000j\000e\000c\000t\000i\000o\000n\000s\000\040\000a\000n\000d\000\040\000O\000r\000t\000h\000o\000n\000o\000r\000m\000a\000l\000\040\000S\000e\000t\000s\000\040\000i\000n\000\040\000f\000i\000n\000i\000t\000e\000\040\000d\000i\000m\000e\000n\000s\000i\000o\000n\000s\040\046}{section.4}% 12
\BOOKMARK [2][-]{subsection.4.2}{\376\377\000G\000e\000n\000e\000r\000a\000l\000i\000s\000i\000n\000g\000\040\000p\000r\000o\000j\000e\000c\000t\000i\000o\000n\000s\000\040\000t\000o\000\040\000i\000n\000f\000i\000n\000i\000t\000e\000\040\000d\000i\000m\000e\000n\000s\000i\000o\000n\000s\040\046}{section.4}% 13
\BOOKMARK [2][-]{subsection.4.3}{\376\377\000E\000x\000i\000s\000t\000e\000n\000c\000e\000\040\000o\000f\000\040\000a\000\040\000m\000a\000x\000i\000m\000a\000l\000\040\000o\000r\000t\000h\000o\000n\000o\000r\000m\000a\000l\000\040\000s\000e\000t\000\040\000i\000n\000\040\000a\000\040\000i\000n\000n\000e\000r\000\040\000p\000r\000o\000d\000u\000c\000t\000\040\000s\000p\000a\000c\000e}{section.4}% 14
\BOOKMARK [2][-]{subsection.4.4}{\376\377\000S\000e\000p\000a\000r\000a\000b\000i\000l\000i\000t\000y\000\040\000o\000f\000\040\000H\000i\000l\000b\000e\000r\000t\000\040\000S\000p\000a\000c\000e\000s}{section.4}% 15
\BOOKMARK [1][-]{section.5}{\376\377\000L\000e\000c\000t\000u\000r\000e\000\040\0005\000\040\040\024\000\040\000E\000x\000a\000m\000p\000l\000e\000s\000\040\000G\000a\000l\000o\000r\000e\000!\000\040\040\024\000\040\0001\0008\000t\000h\000\040\000J\000a\000n\000u\000a\000r\000y\000,\000\040\0002\0000\0002\0003}{}% 16
\BOOKMARK [2][-]{subsection.5.1}{\376\377\000P\000r\000o\000p\000e\000r\000t\000i\000e\000s\000\040\000o\000f\000\040\000F\000i\000n\000i\000t\000e\000\040\000D\000i\000m\000e\000n\000s\000i\000o\000n\000a\000l\000\040\000H\000i\000l\000b\000e\000r\000t\000\040\000S\000p\000a\000c\000e\000s}{section.5}% 17
\BOOKMARK [2][-]{subsection.5.2}{\376\377\000R\000e\000v\000i\000s\000i\000t\000i\000n\000g\000\040\000t\000h\000e\000\040\000e\000x\000a\000m\000p\000l\000e\000s\000\040\000o\000f\000\040\000H\000i\000l\000b\000e\000r\000t\000\040\000s\000p\000a\000c\000e\000s}{section.5}% 18
\BOOKMARK [1][-]{section.6}{\376\377\000L\000e\000c\000t\000u\000r\000e\000\040\0006\000\040\040\024\000\040\000N\000o\000n\000s\000e\000p\000a\000r\000a\000b\000l\000e\000\040\000H\000i\000l\000b\000e\000r\000t\000\040\000S\000p\000a\000c\000e\000s\000\040\040\024\000\040\0002\0003\000r\000d\000\040\000J\000a\000n\000u\000a\000r\000y\000,\000\040\0002\0000\0002\0003}{}% 19
\BOOKMARK [2][-]{subsection.6.1}{\376\377\000N\000o\000n\000\040\000s\000e\000p\000a\000r\000a\000b\000l\000e\000\040\000H\000i\000l\000b\000e\000r\000t\000\040\000S\000p\000a\000c\000e\000s}{section.6}% 20
